==========================================
Job ID: 10098991
Job Name: tabpfn_synbeats_gpu
Node: sh03-11n12
Start Time: Wed Nov 19 13:23:40 PST 2025
Working Directory: /home/users/salilg/SyNBEATS_tabpfn/tabpfn
Device Type: GPU
Feature Type: Synbeats-style
==========================================

Python version:
Python 3.12.1

GPU information:
Wed Nov 19 13:23:44 2025       
+-----------------------------------------------------------------------------------------+
| NVIDIA-SMI 550.163.01             Driver Version: 550.163.01     CUDA Version: 12.4     |
|-----------------------------------------+------------------------+----------------------+
| GPU  Name                 Persistence-M | Bus-Id          Disp.A | Volatile Uncorr. ECC |
| Fan  Temp   Perf          Pwr:Usage/Cap |           Memory-Usage | GPU-Util  Compute M. |
|                                         |                        |               MIG M. |
|=========================================+========================+======================|
|   0  NVIDIA A100-SXM4-80GB          On  |   00000000:41:00.0 Off |                    0 |
| N/A   29C    P0             60W /  500W |       1MiB /  81920MiB |      0%   E. Process |
|                                         |                        |             Disabled |
+-----------------------------------------+------------------------+----------------------+
                                                                                         
+-----------------------------------------------------------------------------------------+
| Processes:                                                                              |
|  GPU   GI   CI        PID   Type   Process name                              GPU Memory |
|        ID   ID                                                               Usage      |
|=========================================================================================|
|  No running processes found                                                             |
+-----------------------------------------------------------------------------------------+

==========================================
Running TabPFNv2 predictions with synbeats features on GPU...
Output will be saved to: tabpfn_predictions_synbeats_gpu_20251119_132345.csv
Note: Running from /home/users/salilg/SyNBEATS_tabpfn/tabpfn
==========================================

Using device: GPU (if available)
Loading data from: ../smoking_data.csv
Loaded 1209 observations

Training on years 1970-1983
Predicting years 1984-2000
Number of states: 39
Excluding treated state (id=3)
Using synbeats-style features with 2 PCA components


Results saved to: tabpfn_predictions_synbeats_gpu_20251119_132345.csv
Output shape: (1178, 5)

==========================================
Job completed successfully!
Output file: tabpfn_predictions_synbeats_gpu_20251119_132345.csv
End Time: Wed Nov 19 13:29:10 PST 2025
==========================================
